  0:01 ClientUserinfoChanged: 0 n\^5A^6lien ^5S^6urf ^5G^6irl\t\1\model\ayumi/red\hmodel\ayumi/red\g_redteam\\g_blueteam\\c1\4\c2\4\hc\100\w\0\l\0\tt\0\tl\1\id\C7BAB277F578F6BD9285FB7D6BD92C7E
  0:02 ClientUserinfoChanged: 1 n\(drunk)Mosey\t\2\model\neko/default\hmodel\neko/default\g_redteam\\g_blueteam\\c1\1\c2\1\hc\100\w\0\l\0\tt\0\tl\1\id\E033A89C4B3E6AA02BEA932A65C25652
  0:03 ClientUserinfoChanged: 2 n\Wark\t\1\model\assassin/red\hmodel\assassin/red\g_redteam\\g_blueteam\\c1\4\c2\4\hc\100\w\0\l\0\tt\0\tl\0\id\B6ABA11AFC1A75EA060033123EA47384
  0:04 ClientUserinfoChanged: 3 n\Next map\t\2\model\assassin/ghost\hmodel\assassin/ghost\g_redteam\\g_blueteam\\c1\1\c2\1\hc\100\w\0\l\0\tt\0\tl\0\id\121448F033A7BE2CD65F48BFAD0221E3
  0:05 ClientUserinfoChanged: 4 n\^1S^3amus ^1A^3ran\t\1\model\major/red\hmodel\major/red\g_redteam\\g_blueteam\\c1\4\c2\4\hc\100\w\0\l\0\tt\0\tl\0\id\31A7063B9740DB3D5B057989E13151CB
  0:06 ClientUserinfoChanged: 5 n\^1Lord ^2Zeus\t\2\model\gargoyle/stone\hmodel\gargoyle/stone\g_redteam\\g_blueteam\\c1\1\c2\1\hc\100\w\0\l\0\tt\0\tl\0\id\901B30E426727757588FB964A07F901E
  
  
  0:29 Kill: 0 3 10: ^5A^6lien ^5S^6urf ^5G^6irl killed Next map by MOD_RAILGUN
  0:34 Kill: 0 5 10: ^5A^6lien ^5S^6urf ^5G^6irl killed ^1Lord ^2Zeus by MOD_RAILGUN
  0:37 Kill: 1 0 10: (drunk)Mosey killed ^5A^6lien ^5S^6urf ^5G^6irl by MOD_RAILGUN
  0:39 Kill: 5 4 10: ^1Lord ^2Zeus killed ^1S^3amus ^1A^3ran by MOD_RAILGUN
  0:42 Kill: 5 2 10: ^1Lord ^2Zeus killed Wark by MOD_RAILGUN
  
C7BAB277F578F6BD9285FB7D6BD92C7E 0 2k 1d
E033A89C4B3E6AA02BEA932A65C25652 1 1k 0d
B6ABA11AFC1A75EA060033123EA47384 2 0k 1d
121448F033A7BE2CD65F48BFAD0221E3 3 0k 1d
31A7063B9740DB3D5B057989E13151CB 4 0k 1d
901B30E426727757588FB964A07F901E 5 2k 1d
total:
  
  1:00 ClientUserinfoChanged: 6 n\^4*M*^^4^2r00t\t\3\model\Grims\hmodel\Skelebot\g_redteam\\g_blueteam\\c1\\c2\\hc\100\w\0\l\0\tt\0\tl\0\id\A875B37CF7C2B30F7444828C9E0624B1
  1:04 ClientUserinfoChanged: 7 n\zorr\t\3\model\sarge/red\hmodel\sarge/red\g_redteam\\g_blueteam\\c1\\c2\\hc\100\w\0\l\0\tt\0\tl\0\id\34F2D8A86E7113634AC8E56F7BC0A21E

  1:17 Kill: 5 0 10: ^1Lord ^2Zeus killed ^5A^6lien ^5S^6urf ^5G^6irl by MOD_RAILGUN
  1:19 Kill: 4 1 10: ^1S^3amus ^1A^3ran killed (drunk)Mosey by MOD_RAILGUN
  1:19 Kill: 4 3 10: ^1S^3amus ^1A^3ran killed Next map by MOD_RAILGUN
  1:19 Kill: 5 6 10: ^1Lord ^2Zeus killed ^4*M*^^4^2r00t by MOD_RAILGUN
  1:20 Kill: 0 5 10: ^5A^6lien ^5S^6urf ^5G^6irl killed ^1Lord ^2Zeus by MOD_RAILGUN
  1:24 Kill: 3 4 10: Next map killed ^1S^3amus ^1A^3ran by MOD_RAILGUN
  1:29 Kill: 2 3 10: Wark killed Next map by MOD_RAILGUN
  1:31 Kill: 5 4 10: ^1Lord ^2Zeus killed ^1S^3amus ^1A^3ran by MOD_RAILGUN
  1:33 Kill: 2 7 10: Wark killed zorr by MOD_RAILGUN
  1:35 Kill: 1 0 10: (drunk)Mosey killed ^5A^6lien ^5S^6urf ^5G^6irl by MOD_RAILGUN
  1:35 Kill: 5 2 10: ^1Lord ^2Zeus killed Wark by MOD_RAILGUN
  1:40 Kill: 3 6 10: Next map killed ^4*M*^^4^2r00t by MOD_RAILGUN
  1:43 Kill: 2 5 10: Wark killed ^1Lord ^2Zeus by MOD_RAILGUN
  1:46 Kill: 2 3 10: Wark killed Next map by MOD_RAILGUN
  1:47 Kill: 4 1 10: ^1S^3amus ^1A^3ran killed (drunk)Mosey by MOD_RAILGUN
  1:49 Kill: 0 7 10: ^5A^6lien ^5S^6urf ^5G^6irl killed zorr by MOD_RAILGUN

C7BAB277F578F6BD9285FB7D6BD92C7E 0 2k 2d
E033A89C4B3E6AA02BEA932A65C25652 1 1k 2d
B6ABA11AFC1A75EA060033123EA47384 2 4k 1d
121448F033A7BE2CD65F48BFAD0221E3 3 2k 3d
31A7063B9740DB3D5B057989E13151CB 4 3k 2d
901B30E426727757588FB964A07F901E 5 4k 2d
A875B37CF7C2B30F7444828C9E0624B1 6 0k 2d
34F2D8A86E7113634AC8E56F7BC0A21E 7 0k 2d
total:

  1:52 ClientUserinfoChanged: 6 n\Shiro\t\3\model\angelyss/dark\hmodel\angelyss/dark\g_redteam\\g_blueteam\\c1\?\c2\\hc\100\w\0\l\0\tt\0\tl\0\id\432547A713EE34093FD473E280953BA4

  1:55 Kill: 0 7 10: ^5A^6lien ^5S^6urf ^5G^6irl killed zorr by MOD_RAILGUN
  1:55 Kill: 3 4 10: Next map killed ^1S^3amus ^1A^3ran by MOD_RAILGUN
  1:57 Kill: 2 5 10: Wark killed ^1Lord ^2Zeus by MOD_RAILGUN
  2:05 Kill: 5 0 10: ^1Lord ^2Zeus killed ^5A^6lien ^5S^6urf ^5G^6irl by MOD_RAILGUN
  2:07 Kill: 1 6 10: (drunk)Mosey killed Shiro by MOD_RAILGUN
  2:09 Kill: 0 5 10: ^5A^6lien ^5S^6urf ^5G^6irl killed ^1Lord ^2Zeus by MOD_RAILGUN
  2:09 Kill: 4 3 10: ^1S^3amus ^1A^3ran killed Next map by MOD_RAILGUN
  2:10 Kill: 7 6 10: zorr killed Shiro by MOD_RAILGUN
  2:11 Kill: 2 7 10: Wark killed zorr by MOD_RAILGUN
  
C7BAB277F578F6BD9285FB7D6BD92C7E 0 2k 1d
E033A89C4B3E6AA02BEA932A65C25652 1 1k 0d
B6ABA11AFC1A75EA060033123EA47384 2 2k 0d
121448F033A7BE2CD65F48BFAD0221E3 3 1k 1d
31A7063B9740DB3D5B057989E13151CB 4 1k 1d
901B30E426727757588FB964A07F901E 5 1k 2d
432547A713EE34093FD473E280953BA4 6 0k 2d
34F2D8A86E7113634AC8E56F7BC0A21E 7 1k 2d
total:

 12:18 ClientUserinfoChanged: 6 n\^1LE^7O^4HX ^3(Raa)\t\3\model\penguin/default\hmodel\penguin/default\g_redteam\\g_blueteam\\c1\\c2\\hc\100\w\0\l\0\tt\0\tl\0\id\185D5DC86E3543AB479659DBE70B1017

 12:19 Kill: 5 4 10: ^1Lord ^2Zeus killed ^1S^3amus ^1A^3ran by MOD_RAILGUN
 12:24 Kill: 5 0 10: ^1Lord ^2Zeus killed ^5A^6lien ^5S^6urf ^5G^6irl by MOD_RAILGUN
 12:27 Kill: 0 7 10: ^5A^6lien ^5S^6urf ^5G^6irl killed zorr by MOD_RAILGUN
 12:33 Kill: 7 4 10: zorr killed ^1S^3amus ^1A^3ran by MOD_RAILGUN
 14:53 Kill: 5 6 10: ^1Lord ^2Zeus killed ^1LE^0O^4HX by MOD_RAILGUN
 15:43 Kill: 0 1 10: ^5A^6lien ^5S^6urf ^5G^6irl killed (drunk)Mosey by MOD_RAILGUN
 15:44 Kill: 6 5 10: ^1LE^0O^4HX killed ^1Lord ^2Zeus by MOD_RAILGUN
 15:47 Kill: 5 6 10: ^1Lord ^2Zeus killed ^1LE^0O^4HX by MOD_RAILGUN

C7BAB277F578F6BD9285FB7D6BD92C7E 0 2k 1d
E033A89C4B3E6AA02BEA932A65C25652 1 0k 1d
B6ABA11AFC1A75EA060033123EA47384 2 0k 0d
121448F033A7BE2CD65F48BFAD0221E3 3 0k 0d
31A7063B9740DB3D5B057989E13151CB 4 0k 2d
901B30E426727757588FB964A07F901E 5 4k 1d
185D5DC86E3543AB479659DBE70B1017 6 1k 2d
34F2D8A86E7113634AC8E56F7BC0A21E 7 1k 1d
total:

 16:19 ClientUserinfoChanged: 0 n\Merman\t\2\model\merman\hmodel\merman\c1\1\c2\1\hc\70\w\0\l\0\skill\ 2.00\tt\2\tl\0\id\
 16:28 ClientUserinfoChanged: 7 n\Cyber_Ape\t\3\model\angelyss/retro\hmodel\angelyss/retro\g_redteam\\g_blueteam\\c1\\c2\\hc\100\w\0\l\0\tt\0\tl\0\id\67AD092055D42CB2D645924EA55A8967

 16:28 Kill: 4 3 10: ^1S^3amus ^1A^3ran killed Next map by MOD_RAILGUN
 16:42 Kill: 0 1 10: ^5A^6lien ^5S^6urf ^5G^6irl killed (drunk)Mosey by MOD_RAILGUN
 16:45 Kill: 7 6 10: Cyber_Ape killed ^1LE^0O^4HX by MOD_RAILGUN
 16:49 Kill: 0 5 10: ^5A^6lien ^5S^6urf ^5G^6irl killed ^1Lord ^2Zeus by MOD_RAILGUN
 16:59 Kill: 5 0 10: ^1Lord ^2Zeus killed ^5A^6lien ^5S^6urf ^5G^6irl by MOD_RAILGUN
 17:00 Kill: 7 2 10: Cyber_Ape killed Wark by MOD_RAILGUN
 17:03 Kill: 1 6 10: (drunk)Mosey killed ^1LE^0O^4HX by MOD_RAILGUN
 17:03 Kill: 2 7 10: Wark killed Cyber_Ape by MOD_RAILGUN
 17:07 Kill: 2 3 10: Wark killed Next map by MOD_RAILGUN
 17:12 Kill: 7 4 10: Cyber_Ape killed ^1S^3amus ^1A^3ran by MOD_RAILGUN

                                 0 2k 1d
E033A89C4B3E6AA02BEA932A65C25652 1 1k 1d
B6ABA11AFC1A75EA060033123EA47384 2 2k 1d
121448F033A7BE2CD65F48BFAD0221E3 3 0k 2d
31A7063B9740DB3D5B057989E13151CB 4 1k 1d
901B30E426727757588FB964A07F901E 5 1k 1d
185D5DC86E3543AB479659DBE70B1017 6 0k 2d
67AD092055D42CB2D645924EA55A8967 7 3k 1d
total:



